
> react-kavia@0.1.0 start
> react-scripts start

(node:1735) [DEP_WEBPACK_DEV_SERVER_ON_AFTER_SETUP_MIDDLEWARE] DeprecationWarning: 'onAfterSetupMiddleware' option is deprecated. Please use the 'setupMiddlewares' option.
(Use `node --trace-deprecation ...` to show where the warning was created)
(node:1735) [DEP_WEBPACK_DEV_SERVER_ON_BEFORE_SETUP_MIDDLEWARE] DeprecationWarning: 'onBeforeSetupMiddleware' option is deprecated. Please use the 'setupMiddlewares' option.
Starting the development server...

Compiled successfully!

You can now view react-kavia in the browser.

  Local:            http://localhost:3000
  On Your Network:  http://172.17.0.2:3000

Note that the development build is not optimized.
To create a production build, use npm run build.

webpack compiled successfully
Compiling...
Failed to compile.

Attempted import error: 'AdminService' is not exported from '../services' (imported as 'AdminService').
WARNING in [eslint] 
src/components/AdminUserProjectAssignment.js
  Line 43:6:  React Hook useEffect has a missing dependency: 'calculateUnassignedUsers'. Either include it or remove the dependency array  react-hooks/exhaustive-deps

ERROR in ./src/components/AdminDashboard.js 31:27-52
export 'AdminService' (imported as 'AdminService') was not found in '../services' (possible exports: LeaderboardService, MergeRequestService, RewardsService, UserService)

ERROR in ./src/components/AdminProjectManagement.js 29:25-51
export 'ProjectService' (imported as 'ProjectService') was not found in '../services' (possible exports: LeaderboardService, MergeRequestService, RewardsService, UserService)

ERROR in ./src/components/AdminProjectManagement.js 43:28-57
export 'ProjectService' (imported as 'ProjectService') was not found in '../services' (possible exports: LeaderboardService, MergeRequestService, RewardsService, UserService)

ERROR in ./src/components/AdminProjectManagement.js 59:14-42
export 'ProjectService' (imported as 'ProjectService') was not found in '../services' (possible exports: LeaderboardService, MergeRequestService, RewardsService, UserService)

ERROR in ./src/components/AdminProjectManagement.js 62:14-42
export 'ProjectService' (imported as 'ProjectService') was not found in '../services' (possible exports: LeaderboardService, MergeRequestService, RewardsService, UserService)

ERROR in ./src/components/AdminUserManagement.js 29:25-46
export 'AdminService' (imported as 'AdminService') was not found in '../services' (possible exports: LeaderboardService, MergeRequestService, RewardsService, UserService)

ERROR in ./src/components/AdminUserManagement.js 56:14-34
export 'AdminService' (imported as 'AdminService') was not found in '../services' (possible exports: LeaderboardService, MergeRequestService, RewardsService, UserService)

ERROR in ./src/components/AdminUserProjectAssignment.js 56:25-51
export 'ProjectService' (imported as 'ProjectService') was not found in '../services' (possible exports: LeaderboardService, MergeRequestService, RewardsService, UserService)

ERROR in ./src/components/AdminUserProjectAssignment.js 73:25-46
export 'AdminService' (imported as 'AdminService') was not found in '../services' (possible exports: LeaderboardService, MergeRequestService, RewardsService, UserService)

ERROR in ./src/components/AdminUserProjectAssignment.js 90:26-56
export 'ProjectService' (imported as 'ProjectService') was not found in '../services' (possible exports: LeaderboardService, MergeRequestService, RewardsService, UserService)

webpack compiled with 10 errors and 1 warning
Compiling...
Failed to compile.

Attempted import error: 'AdminService' is not exported from '../services' (imported as 'AdminService').
WARNING in [eslint] 
src/components/AdminUserProjectAssignment.js
  Line 43:6:  React Hook useEffect has a missing dependency: 'calculateUnassignedUsers'. Either include it or remove the dependency array  react-hooks/exhaustive-deps

ERROR in ./src/components/AdminDashboard.js 31:27-52
export 'AdminService' (imported as 'AdminService') was not found in '../services' (possible exports: LeaderboardService, MergeRequestService, RewardsService, UserService)

ERROR in ./src/components/AdminProjectManagement.js 29:25-51
export 'ProjectService' (imported as 'ProjectService') was not found in '../services' (possible exports: LeaderboardService, MergeRequestService, RewardsService, UserService)

ERROR in ./src/components/AdminProjectManagement.js 43:28-57
export 'ProjectService' (imported as 'ProjectService') was not found in '../services' (possible exports: LeaderboardService, MergeRequestService, RewardsService, UserService)

ERROR in ./src/components/AdminProjectManagement.js 59:14-42
export 'ProjectService' (imported as 'ProjectService') was not found in '../services' (possible exports: LeaderboardService, MergeRequestService, RewardsService, UserService)

ERROR in ./src/components/AdminProjectManagement.js 62:14-42
export 'ProjectService' (imported as 'ProjectService') was not found in '../services' (possible exports: LeaderboardService, MergeRequestService, RewardsService, UserService)

ERROR in ./src/components/AdminUserManagement.js 29:25-46
export 'AdminService' (imported as 'AdminService') was not found in '../services' (possible exports: LeaderboardService, MergeRequestService, RewardsService, UserService)

ERROR in ./src/components/AdminUserManagement.js 56:14-34
export 'AdminService' (imported as 'AdminService') was not found in '../services' (possible exports: LeaderboardService, MergeRequestService, RewardsService, UserService)

ERROR in ./src/components/AdminUserProjectAssignment.js 56:25-51
export 'ProjectService' (imported as 'ProjectService') was not found in '../services' (possible exports: LeaderboardService, MergeRequestService, RewardsService, UserService)

ERROR in ./src/components/AdminUserProjectAssignment.js 73:25-46
export 'AdminService' (imported as 'AdminService') was not found in '../services' (possible exports: LeaderboardService, MergeRequestService, RewardsService, UserService)

ERROR in ./src/components/AdminUserProjectAssignment.js 90:26-56
export 'ProjectService' (imported as 'ProjectService') was not found in '../services' (possible exports: LeaderboardService, MergeRequestService, RewardsService, UserService)

webpack compiled with 10 errors and 1 warning
Compiling...
Failed to compile.

Attempted import error: 'AdminService' is not exported from '../services' (imported as 'AdminService').
WARNING in [eslint] 
src/components/AdminUserProjectAssignment.js
  Line 43:6:  React Hook useEffect has a missing dependency: 'calculateUnassignedUsers'. Either include it or remove the dependency array  react-hooks/exhaustive-deps

ERROR in ./src/components/AdminDashboard.js 31:27-52
export 'AdminService' (imported as 'AdminService') was not found in '../services' (possible exports: LeaderboardService, MergeRequestService, RewardsService, UserService)

ERROR in ./src/components/AdminProjectManagement.js 29:25-51
export 'ProjectService' (imported as 'ProjectService') was not found in '../services' (possible exports: LeaderboardService, MergeRequestService, RewardsService, UserService)

ERROR in ./src/components/AdminProjectManagement.js 43:28-57
export 'ProjectService' (imported as 'ProjectService') was not found in '../services' (possible exports: LeaderboardService, MergeRequestService, RewardsService, UserService)

ERROR in ./src/components/AdminProjectManagement.js 59:14-42
export 'ProjectService' (imported as 'ProjectService') was not found in '../services' (possible exports: LeaderboardService, MergeRequestService, RewardsService, UserService)

ERROR in ./src/components/AdminProjectManagement.js 62:14-42
export 'ProjectService' (imported as 'ProjectService') was not found in '../services' (possible exports: LeaderboardService, MergeRequestService, RewardsService, UserService)

ERROR in ./src/components/AdminUserManagement.js 29:25-46
export 'AdminService' (imported as 'AdminService') was not found in '../services' (possible exports: LeaderboardService, MergeRequestService, RewardsService, UserService)

ERROR in ./src/components/AdminUserManagement.js 56:14-34
export 'AdminService' (imported as 'AdminService') was not found in '../services' (possible exports: LeaderboardService, MergeRequestService, RewardsService, UserService)

ERROR in ./src/components/AdminUserProjectAssignment.js 56:25-51
export 'ProjectService' (imported as 'ProjectService') was not found in '../services' (possible exports: LeaderboardService, MergeRequestService, RewardsService, UserService)

ERROR in ./src/components/AdminUserProjectAssignment.js 73:25-46
export 'AdminService' (imported as 'AdminService') was not found in '../services' (possible exports: LeaderboardService, MergeRequestService, RewardsService, UserService)

ERROR in ./src/components/AdminUserProjectAssignment.js 90:26-56
export 'ProjectService' (imported as 'ProjectService') was not found in '../services' (possible exports: LeaderboardService, MergeRequestService, RewardsService, UserService)

webpack compiled with 10 errors and 1 warning
Compiling...
Failed to compile.

Attempted import error: 'AdminService' is not exported from '../services' (imported as 'AdminService').
WARNING in [eslint] 
src/components/AdminUserProjectAssignment.js
  Line 43:6:  React Hook useEffect has a missing dependency: 'calculateUnassignedUsers'. Either include it or remove the dependency array  react-hooks/exhaustive-deps

src/services/AdminService.js
  Line 1:8:     'apiClient' is defined but never used  no-unused-vars
  Line 49:21:   Unreachable code                       no-unreachable
  Line 124:21:  Unreachable code                       no-unreachable
  Line 211:21:  Unreachable code                       no-unreachable
  Line 285:21:  Unreachable code                       no-unreachable

src/services/ProjectService.js
  Line 1:8:  'apiClient' is defined but never used  no-unused-vars

src/services/index.js
  Line 5:8:  'AdminService' is defined but never used    no-unused-vars
  Line 6:8:  'ProjectService' is defined but never used  no-unused-vars

ERROR in ./src/components/AdminDashboard.js 31:27-52
export 'AdminService' (imported as 'AdminService') was not found in '../services' (possible exports: LeaderboardService, MergeRequestService, RewardsService, UserService)

ERROR in ./src/components/AdminProjectManagement.js 29:25-51
export 'ProjectService' (imported as 'ProjectService') was not found in '../services' (possible exports: LeaderboardService, MergeRequestService, RewardsService, UserService)

ERROR in ./src/components/AdminProjectManagement.js 43:28-57
export 'ProjectService' (imported as 'ProjectService') was not found in '../services' (possible exports: LeaderboardService, MergeRequestService, RewardsService, UserService)

ERROR in ./src/components/AdminProjectManagement.js 59:14-42
export 'ProjectService' (imported as 'ProjectService') was not found in '../services' (possible exports: LeaderboardService, MergeRequestService, RewardsService, UserService)

ERROR in ./src/components/AdminProjectManagement.js 62:14-42
export 'ProjectService' (imported as 'ProjectService') was not found in '../services' (possible exports: LeaderboardService, MergeRequestService, RewardsService, UserService)

ERROR in ./src/components/AdminUserManagement.js 29:25-46
export 'AdminService' (imported as 'AdminService') was not found in '../services' (possible exports: LeaderboardService, MergeRequestService, RewardsService, UserService)

ERROR in ./src/components/AdminUserManagement.js 56:14-34
export 'AdminService' (imported as 'AdminService') was not found in '../services' (possible exports: LeaderboardService, MergeRequestService, RewardsService, UserService)

ERROR in ./src/components/AdminUserProjectAssignment.js 56:25-51
export 'ProjectService' (imported as 'ProjectService') was not found in '../services' (possible exports: LeaderboardService, MergeRequestService, RewardsService, UserService)

ERROR in ./src/components/AdminUserProjectAssignment.js 73:25-46
export 'AdminService' (imported as 'AdminService') was not found in '../services' (possible exports: LeaderboardService, MergeRequestService, RewardsService, UserService)

ERROR in ./src/components/AdminUserProjectAssignment.js 90:26-56
export 'ProjectService' (imported as 'ProjectService') was not found in '../services' (possible exports: LeaderboardService, MergeRequestService, RewardsService, UserService)

webpack compiled with 10 errors and 1 warning
Compiling...
Compiled with warnings.

[eslint] 
src/components/AdminUserProjectAssignment.js
  Line 43:6:  React Hook useEffect has a missing dependency: 'calculateUnassignedUsers'. Either include it or remove the dependency array  react-hooks/exhaustive-deps

src/services/AdminService.js
  Line 1:8:     'apiClient' is defined but never used  no-unused-vars
  Line 49:21:   Unreachable code                       no-unreachable
  Line 124:21:  Unreachable code                       no-unreachable
  Line 211:21:  Unreachable code                       no-unreachable
  Line 285:21:  Unreachable code                       no-unreachable

src/services/ProjectService.js
  Line 1:8:  'apiClient' is defined but never used  no-unused-vars

src/services/index.js
  Line 5:8:  'AdminService' is defined but never used    no-unused-vars
  Line 6:8:  'ProjectService' is defined but never used  no-unused-vars

Search for the keywords to learn more about each warning.
To ignore, add // eslint-disable-next-line to the line before.

WARNING in [eslint] 
src/components/AdminUserProjectAssignment.js
  Line 43:6:  React Hook useEffect has a missing dependency: 'calculateUnassignedUsers'. Either include it or remove the dependency array  react-hooks/exhaustive-deps

src/services/AdminService.js
  Line 1:8:     'apiClient' is defined but never used  no-unused-vars
  Line 49:21:   Unreachable code                       no-unreachable
  Line 124:21:  Unreachable code                       no-unreachable
  Line 211:21:  Unreachable code                       no-unreachable
  Line 285:21:  Unreachable code                       no-unreachable

src/services/ProjectService.js
  Line 1:8:  'apiClient' is defined but never used  no-unused-vars

src/services/index.js
  Line 5:8:  'AdminService' is defined but never used    no-unused-vars
  Line 6:8:  'ProjectService' is defined but never used  no-unused-vars

webpack compiled with 1 warning
